1576013400481:help
1576013418863:add 1 2
1576013422607:add 1
1576013433375:exit
1576013735247:help
1576013752149:add 1 2
1576013755756:exit
1576013788285:help
1576013794356:add
1576013808211:sum 1 2
1576014288661:exit
1576014351852:hemp
1576014355994:help
1576014362785:sum a b
1576015504335:exit
1576015574990:help
1576015579676:hello
1576015583629:sum 1 2
1576021380860:exit
1576021416748:help
1576021449875:create_parking_lot 2
1576021463906:status
1576021480225:exit
1576021707764:help
1576021714706:create_parking_lot 2
1576021757432:exit
1576021790777:help
1576021795831:create_parking_lot 2
1576021820063:exit
1576021848775:help
1576021852550:create_parking_lot 2
1576021871013:park abcd white
1576021882917:status
1576021933571:exit
1576021959884:create_parking_lot 6
1576021973930:park KA-01-HH-1234 white
1576021988963:park KA-01-HH-9999 White
1576021997386:park KA-01-BB-0001 Black
1576022009658:park KA-01-HH-7777 Red
1576022019601:park KA-01-HH-2701 Blue
1576022032937:park KA-01-HH-3141 Black
1576022041153:leave 4
1576022148468:exit
1576022186773:park KA-01-HH-3141 Black
1576022198523:create_parking_lot 6
1576022201035:park KA-01-HH-3141 Black
1576022206699:leave 1
1576046319360:exit
1576046355515:help
1576046360586:create_parking_lot 2
1576046368674:park KA-01-HH-3141 Black
1576046384273:park KA-01-HH-2701 Blue
1576046413664:slot_numbers_for_cars_with_colour blue
1576046996390:exit
1576047048039:create_parking_lot 6
1576047055709:park KA-01-HH-1234 White
1576047061493:park KA-01-HH-9999 White
1576047068132:park KA-01-BB-0001 Black
1576047074348:park KA-01-HH-7777 Red
1576047082348:park KA-01-HH-2701 Blue
1576047092452:park KA-01-HH-3141 Black
1576047103044:leave 4
1576047108691:status
1576047152898:park KA-01-P-333 White
1576047159858:park DL-12-AA-9999 White
1576047313861:Sorry, parking lot is full
1576047321405:registration_numbers_for_cars_with_colour White
1576047349332:slot_numbers_for_cars_with_colour White
1576047407210:slot_number_for_registration_number KA-01-HH-3141
1576047415722:slot_number_for_registration_number MH-04-AY-1111
1576048624381:status
1576048633748:leave 2
1576048642900:status
1576048655890:park abcd white tgff
1576048684459:help
1576049071815:exit
1576049146934:park abcd white tgff
1576049926069:exit
1576050274748:help
1576050279050:exit
1576058367893:help
1576058389460:create_parking_lot 3
1576058519799:exit
1576059071776:help
1576059085086:run_test_cases
1576059533608:exit
1576059549290:run_test_cases
1576059779977:exit
1576059791977:run_test_cases
1576059841959:exit
1576059939957:run_test_cases
1576060632143:exit
1576060651247:run_test_cases
1576060775107:exit
1576060876992:run_test_cases
1576060915094:exit
1576060989957:run_test_cases
1576061126153:help
1576061131503:exit
1576061406617:help
1576061434551:cwd
1576061481717:script testcases.sh
1576061585642:exit
1576067890075:help
1576067894674:create_parking_lot 4
1576067905241:park abcd white
1576067912641:exit
1576069986659:help
1576070069519:exit
1576070182798:help
1576070197468:create_parking_lot 6
1576070204900:park KA-01-HH-1234 White
1576070212603:park KA-01-HH-9999 White
1576070220067:park KA-01-BB-0001 Black
1576070227971:park KA-01-HH-7777 Red
1576070236339:park KA-01-HH-2701 Blue
1576070242603:park KA-01-HH-3141 Black
1576070252555:leave 4
1576070257898:status
1576070267234:park KA-01-P-333 White
1576070273059:park DL-12-AA-9999 White
1576070280840:registration_numbers_for_cars_with_colour White
1576070285881:slot_numbers_for_cars_with_colour White
1576070293738:slot_number_for_registration_number KA-01-HH-3141
1576070299889:slot_number_for_registration_number MH-04-AY-1111
1576070318712:script command.sh
1576070605295:exit
1576070656182:script command.sh
1576070719700:exit
1576070759908:create_parking_lot 6
1576070765249:park KA-01-HH-1234 White
1576070771442:park KA-01-HH-9999 White
1576070777482:park KA-01-BB-0001 Black
1576070785482:park KA-01-HH-7777 Red
1576070792514:park KA-01-HH-2701 Blue
1576070799273:park KA-01-HH-3141 Black
1576070804522:leave 4
1576070808048:status
1576070814457:park KA-01-P-333 White
1576070820617:park DL-12-AA-9999 White
1576070826417:registration_numbers_for_cars_with_colour White
1576070832594:slot_numbers_for_cars_with_colour White
1576070841665:slot_number_for_registration_number KA-01-HH-3141
1576070849880:slot_number_for_registration_number MH-04-AY-1111
1576070860911:script command.sh
1576070869253:exit
1576071349610:help
1576071355577:create_parking_lot 6
1576071360624:park KA-01-HH-1234 White
1576071367720:park KA-01-HH-9999 White
1576071372945:park KA-01-BB-0001 Black
1576071377984:park KA-01-HH-7777 Red
1576071383503:park KA-01-HH-2701 Blue
1576071388256:park KA-01-HH-3141 Black
1576071392704:leave 4
1576071397175:status
1576071402535:park KA-01-P-333 White
1576071406943:park DL-12-AA-9999 White
1576071412967:registration_numbers_for_cars_with_colour White
1576071417374:slot_numbers_for_cars_with_colour White
1576071424127:slot_number_for_registration_number KA-01-HH-3141
1576071429366:slot_number_for_registration_number MH-04-AY-1111
1576071440605:exit
1576071461710:script command.sh
1576071479204:exit
